[debug] [2018-09-03T21:16:56.839Z] ----------------------------------------------------------------------
[debug] [2018-09-03T21:16:56.842Z] Command:       C:\Program Files\nodejs\node.exe C:\Users\cypherOS\AppData\Roaming\npm\node_modules\firebase-tools\bin\firebase deploy
[debug] [2018-09-03T21:16:56.843Z] CLI Version:   4.0.0
[debug] [2018-09-03T21:16:56.843Z] Platform:      win32
[debug] [2018-09-03T21:16:56.843Z] Node Version:  v8.11.3
[debug] [2018-09-03T21:16:56.844Z] Time:          Tue Sep 04 2018 02:16:56 GMT+0500 (Pakistan Standard Time)
[debug] [2018-09-03T21:16:56.844Z] ----------------------------------------------------------------------
[debug] 
[debug] [2018-09-03T21:16:56.867Z] > command requires scopes: ["email","openid","https://www.googleapis.com/auth/cloudplatformprojects.readonly","https://www.googleapis.com/auth/firebase","https://www.googleapis.com/auth/cloud-platform"]
[debug] [2018-09-03T21:16:56.869Z] > authorizing via signed-in user
[debug] [2018-09-03T21:16:56.871Z] >>> HTTP REQUEST GET https://admin.firebase.com/v1/projects/upworkbot-65288  
  
 Tue Sep 04 2018 02:16:56 GMT+0500 (Pakistan Standard Time)
[debug] [2018-09-03T21:16:58.665Z] <<< HTTP RESPONSE 200
[debug] [2018-09-03T21:16:58.666Z] >>> HTTP REQUEST GET https://admin.firebase.com/v1/database/upworkbot-65288/tokens  
  
 Tue Sep 04 2018 02:16:58 GMT+0500 (Pakistan Standard Time)
[debug] [2018-09-03T21:17:01.471Z] <<< HTTP RESPONSE 200
[info] 
[info] === Deploying to 'upworkbot-65288'...
[info] 
[info] i  deploying functions
[info] Running command: npm --prefix ./functions/ run lint
[info] Running command: npm --prefix ./functions/ run build
[info] +  functions: Finished running predeploy script.
[debug] [2018-09-03T21:17:17.111Z] > [functions] package.json contents: {
  "name": "functions",
  "scripts": {
    "lint": "tslint --project tsconfig.json",
    "build": "tsc",
    "serve": "npm run build && firebase serve --only functions",
    "shell": "npm run build && firebase functions:shell",
    "start": "npm run shell",
    "deploy": "firebase deploy --only functions",
    "logs": "firebase functions:log"
  },
  "main": "lib/index.js",
  "dependencies": {
    "@types/actions-on-google": "^1.10.0",
    "actions-on-google": "^2.0.1",
    "firebase-admin": "~5.12.0",
    "firebase-functions": "^2.0.5"
  },
  "devDependencies": {
    "tslint": "^5.8.0",
    "typescript": "^2.5.3"
  },
  "private": true
}
[info] i  functions: ensuring necessary APIs are enabled...
[debug] [2018-09-03T21:17:17.113Z] >>> HTTP REQUEST GET https://servicemanagement.googleapis.com/v1/services/cloudfunctions.googleapis.com/projectSettings/upworkbot-65288?view=CONSUMER_VIEW  
  
 Tue Sep 04 2018 02:17:17 GMT+0500 (Pakistan Standard Time)
[debug] [2018-09-03T21:17:17.114Z] >>> HTTP REQUEST GET https://servicemanagement.googleapis.com/v1/services/runtimeconfig.googleapis.com/projectSettings/upworkbot-65288?view=CONSUMER_VIEW  
  
 Tue Sep 04 2018 02:17:17 GMT+0500 (Pakistan Standard Time)
[debug] [2018-09-03T21:17:21.134Z] <<< HTTP RESPONSE 200
[debug] [2018-09-03T21:17:21.959Z] <<< HTTP RESPONSE 200
[info] +  functions: all necessary APIs are enabled
[debug] [2018-09-03T21:17:21.962Z] >>> HTTP REQUEST GET https://cloudresourcemanager.googleapis.com/v1/projects/upworkbot-65288  
  
 Tue Sep 04 2018 02:17:21 GMT+0500 (Pakistan Standard Time)
[debug] [2018-09-03T21:17:24.919Z] <<< HTTP RESPONSE 200
[debug] [2018-09-03T21:17:24.920Z] >>> HTTP REQUEST GET https://mobilesdk-pa.googleapis.com/v1/projects/227911526565:getServerAppConfig  
  
 Tue Sep 04 2018 02:17:24 GMT+0500 (Pakistan Standard Time)
[debug] [2018-09-03T21:17:27.070Z] <<< HTTP RESPONSE 200
[info] i  functions: preparing functions directory for uploading...
[info] i  functions: packaged functions (48.36 KB) for uploading
[debug] [2018-09-03T21:17:28.044Z] >>> HTTP REQUEST POST https://cloudfunctions.googleapis.com/v1/projects/upworkbot-65288/locations/us-central1/functions:generateUploadUrl  
  
 Tue Sep 04 2018 02:17:28 GMT+0500 (Pakistan Standard Time)
[debug] [2018-09-03T21:17:29.322Z] <<< HTTP RESPONSE 200
[debug] [2018-09-03T21:17:29.323Z] >>> HTTP REQUEST PUT https://storage.googleapis.com/gcf-upload-us-central1-784167bb-9605-46cf-9a3c-3e302c2930e9/b386fca0-3ca9-47f0-8156-65d20c949ed3.zip?GoogleAccessId=service-227911526565@gcf-admin-robot.iam.gserviceaccount.com&Expires=1536011249&Signature=S3WXW6H9cIaKIsdfX3eJw5I06qSyj5ZE%2Bhj%2FIb0quEm%2BKq4MPC0wkIQCqLSCUx%2F0KK0HZBTUcgKTXhOjU2cTDjxdLC6OJCWzeTf1fQipOkEBo9ynm1%2Fj3eLCdYoRryOnGJDlKdXSO4KIdVXh7xH7NelohbqtioKvcsNAKSMPm2IIYCjRstWC7UgnVDRqnVAO7NQd7m5Tdk9PbY9qLPBPMwwPvlgU84dU3iI9u1cZOmkE8WPg4Lk7KFCtHuHL3vBe%2Bj9r%2Fsiwp468gD1rYJND%2Bo4eW7hmjHtrMV7lyrnxPWpt0AOoJ8pS58qit2aoJEL0bWuItHG7SVvHFBGcaKYoFw%3D%3D  
 ReadStream {
  _readableState: 
   ReadableState {
     objectMode: false,
     highWaterMark: 65536,
     buffer: BufferList { head: [Object], tail: [Object], length: 1 },
     length: 49517,
     pipes: null,
     pipesCount: 0,
     flowing: null,
     ended: true,
     endEmitted: false,
     reading: false,
     sync: false,
     needReadable: false,
     emittedReadable: true,
     readableListening: false,
     resumeScheduled: false,
     destroyed: false,
     defaultEncoding: 'utf8',
     awaitDrain: 0,
     readingMore: false,
     decoder: null,
     encoding: null },
  readable: true,
  domain: null,
  _events: { end: [Function] },
  _eventsCount: 1,
  _maxListeners: undefined,
  path: 'C:\\Users\\cypherOS\\AppData\\Local\\Temp\\firebase-functions-30883sQ7e6A2UpSX.zip',
  fd: 5,
  flags: 'r',
  mode: 438,
  start: undefined,
  end: Infinity,
  autoClose: true,
  pos: undefined,
  bytesRead: 49517 } 
 Tue Sep 04 2018 02:17:29 GMT+0500 (Pakistan Standard Time)
[debug] [2018-09-03T21:17:32.189Z] <<< HTTP RESPONSE 200
[info] +  functions: functions folder uploaded successfully
[debug] [2018-09-03T21:17:32.193Z] >>> HTTP REQUEST GET https://cloudfunctions.googleapis.com/v1/projects/upworkbot-65288/locations/-/functions  
  
 Tue Sep 04 2018 02:17:32 GMT+0500 (Pakistan Standard Time)
[debug] [2018-09-03T21:17:33.624Z] <<< HTTP RESPONSE 200
[info] i  functions: updating Node.js 6 function webhook(us-central1)...
[debug] [2018-09-03T21:17:33.628Z] Trigger is:  {"httpsTrigger":{}}
[debug] [2018-09-03T21:17:33.629Z] >>> HTTP REQUEST PATCH https://cloudfunctions.googleapis.com/v1/projects/upworkbot-65288/locations/us-central1/functions/webhook 
query params: {"updateMask":"sourceUploadUrl,name,labels,httpsTrigger"} 
 { sourceUploadUrl: 'https://storage.googleapis.com/gcf-upload-us-central1-784167bb-9605-46cf-9a3c-3e302c2930e9/b386fca0-3ca9-47f0-8156-65d20c949ed3.zip?GoogleAccessId=service-227911526565@gcf-admin-robot.iam.gserviceaccount.com&Expires=1536011249&Signature=S3WXW6H9cIaKIsdfX3eJw5I06qSyj5ZE%2Bhj%2FIb0quEm%2BKq4MPC0wkIQCqLSCUx%2F0KK0HZBTUcgKTXhOjU2cTDjxdLC6OJCWzeTf1fQipOkEBo9ynm1%2Fj3eLCdYoRryOnGJDlKdXSO4KIdVXh7xH7NelohbqtioKvcsNAKSMPm2IIYCjRstWC7UgnVDRqnVAO7NQd7m5Tdk9PbY9qLPBPMwwPvlgU84dU3iI9u1cZOmkE8WPg4Lk7KFCtHuHL3vBe%2Bj9r%2Fsiwp468gD1rYJND%2Bo4eW7hmjHtrMV7lyrnxPWpt0AOoJ8pS58qit2aoJEL0bWuItHG7SVvHFBGcaKYoFw%3D%3D',
  name: 'projects/upworkbot-65288/locations/us-central1/functions/webhook',
  labels: { 'deployment-tool': 'cli-firebase' },
  httpsTrigger: {} } 
 Tue Sep 04 2018 02:17:33 GMT+0500 (Pakistan Standard Time)
[debug] [2018-09-03T21:17:34.661Z] <<< HTTP RESPONSE 200
[debug] [2018-09-03T21:17:34.663Z] >>> HTTP REQUEST GET https://cloudfunctions.googleapis.com/v1/projects/upworkbot-65288/locations/-/functions  
  
 Tue Sep 04 2018 02:17:34 GMT+0500 (Pakistan Standard Time)
